<?xml version="1.0" encoding="utf-8"?><testsuites name="pytest tests"><testsuite name="pytest" errors="0" failures="1" skipped="0" tests="4" time="5.946" timestamp="2026-08-06T18:46:35.296100+00:00" hostname="agent-env-96e5229e-b34e-4d96-a636-79f53360b42f"><testcase classname="tests.test_paid_holiday_fix" name="test_paid_holiday_excluded_from_total_hours" time="5.302"><failure message="AssertionError: paid_holiday should NOT count toward total_hours; got 8.0&#10;assert 8.0 == 0.0">backend/tests/test_paid_holiday_fix.py:61: in test_paid_holiday_excluded_from_total_hours
    assert data["total_hours"] == 0.0, f"paid_holiday should NOT count toward total_hours; got {data['total_hours']}"
E   AssertionError: paid_holiday should NOT count toward total_hours; got 8.0
E   assert 8.0 == 0.0</failure></testcase><testcase classname="tests.test_paid_holiday_fix" name="test_unpaid_holiday_excluded_from_both" time="0.109" /><testcase classname="tests.test_paid_holiday_fix" name="test_sick_excluded_from_total_hours" time="0.092" /><testcase classname="tests.test_paid_holiday_fix" name="test_plain_shift_counts_normally" time="0.094" /></testsuite></testsuites>