<?xml version="1.0" encoding="utf-8"?><testsuites name="pytest tests"><testsuite name="pytest" errors="0" failures="0" skipped="0" tests="4" time="6.618" timestamp="2026-08-06T18:48:09.036835+00:00" hostname="agent-env-96e5229e-b34e-4d96-a636-79f53360b42f"><testcase classname="tests.test_paid_holiday_fix" name="test_paid_holiday_excluded_from_total_hours" time="6.094" /><testcase classname="tests.test_paid_holiday_fix" name="test_unpaid_holiday_excluded_from_both" time="0.063" /><testcase classname="tests.test_paid_holiday_fix" name="test_sick_excluded_from_total_hours" time="0.065" /><testcase classname="tests.test_paid_holiday_fix" name="test_plain_shift_counts_normally" time="0.065" /></testsuite></testsuites>