<?xml version="1.0" encoding="utf-8"?><testsuites name="pytest tests"><testsuite name="pytest" errors="0" failures="1" skipped="0" tests="17" time="48.007" timestamp="2026-08-06T18:42:23.421102+00:00" hostname="agent-env-96e5229e-b34e-4d96-a636-79f53360b42f"><testcase classname="tests.test_new_features.TestReset" name="test_reset_wipes_data" time="1.319" /><testcase classname="tests.test_new_features.TestNewUserIsolation" name="test_new_signup_is_empty" time="0.784" /><testcase classname="tests.test_new_features.TestRoleFreeText" name="test_custom_role_accepted" time="4.407" /><testcase classname="tests.test_new_features.TestShiftFlags" name="test_overnight_shift" time="0.200" /><testcase classname="tests.test_new_features.TestShiftFlags" name="test_paid_holiday" time="0.154"><failure message="assert 8.0 == 0.0">backend/tests/test_new_features.py:116: in test_paid_holiday
    assert d["total_hours"] == 0.0
E   assert 8.0 == 0.0</failure></testcase><testcase classname="tests.test_new_features.TestShiftFlags" name="test_unpaid_holiday" time="0.178" /><testcase classname="tests.test_new_features.TestShiftFlags" name="test_sick_shift" time="0.152" /><testcase classname="tests.test_new_features.TestHolidayBalance" name="test_balance_accrual" time="0.514" /><testcase classname="tests.test_new_features.TestHolidayBalance" name="test_all_balances" time="0.188" /><testcase classname="tests.test_new_features.TestBatchOCR" name="test_batch_empty_400" time="0.159" /><testcase classname="tests.test_new_features.TestBatchOCR" name="test_batch_single" time="35.400" /><testcase classname="tests.test_new_features.TestRuleCompile" name="test_compile_and_approve" time="3.185" /><testcase classname="tests.test_new_features.TestRuleCompile" name="test_approve_without_compile_400" time="0.349" /><testcase classname="tests.test_new_features.TestRegressions" name="test_login" time="0.380" /><testcase classname="tests.test_new_features.TestRegressions" name="test_past_rosters" time="0.161" /><testcase classname="tests.test_new_features.TestRegressions" name="test_sick_report" time="0.238" /><testcase classname="tests.test_new_features.TestRegressions" name="test_training_stats" time="0.166" /></testsuite></testsuites>