<?xml version="1.0" encoding="utf-8"?><testsuites name="pytest tests"><testsuite name="pytest" errors="0" failures="1" skipped="0" tests="20" time="66.952" timestamp="2026-08-06T00:21:03.128845+00:00" hostname="agent-env-96e5229e-b34e-4d96-a636-79f53360b42f"><testcase classname="tests.test_roster_ai" name="test_rosters_past_returns_200_list" time="0.576" /><testcase classname="tests.test_roster_ai" name="test_no_404_on_core_endpoints[/auth/me]" time="0.114" /><testcase classname="tests.test_roster_ai" name="test_no_404_on_core_endpoints[/shop]" time="0.112" /><testcase classname="tests.test_roster_ai" name="test_no_404_on_core_endpoints[/employees]" time="0.203" /><testcase classname="tests.test_roster_ai" name="test_no_404_on_core_endpoints[/holidays]" time="0.200" /><testcase classname="tests.test_roster_ai" name="test_no_404_on_core_endpoints[/fixed-shifts]" time="0.102" /><testcase classname="tests.test_roster_ai" name="test_no_404_on_core_endpoints[/ai-rules]" time="0.102" /><testcase classname="tests.test_roster_ai" name="test_no_404_on_core_endpoints[/rosters]" time="0.143" /><testcase classname="tests.test_roster_ai" name="test_no_404_on_core_endpoints[/rosters/past]" time="0.149" /><testcase classname="tests.test_roster_ai" name="test_no_404_on_core_endpoints[/activity]" time="0.127" /><testcase classname="tests.test_roster_ai" name="test_no_404_on_core_endpoints[/reports/sick-leave]" time="0.190" /><testcase classname="tests.test_roster_ai" name="test_no_404_on_core_endpoints[/ai/training-stats]" time="0.134" /><testcase classname="tests.test_roster_ai" name="test_holidays_have_date_and_end_date_fields" time="0.142" /><testcase classname="tests.test_roster_ai" name="test_training_stats_shape" time="0.128" /><testcase classname="tests.test_roster_ai" name="test_sick_leave_report_shape" time="0.097" /><testcase classname="tests.test_roster_ai" name="test_upload_historical_creates_roster" time="0.392" /><testcase classname="tests.test_roster_ai" name="test_ai_rule_compile" time="2.836" /><testcase classname="tests.test_roster_ai" name="test_rosters_by_id_still_works" time="0.274" /><testcase classname="tests.test_roster_ai" name="test_rosters_by_id_returns_404_for_missing" time="0.116" /><testcase classname="tests.test_roster_ai" name="test_ocr_roster_endpoint" time="60.198"><failure message="AssertionError: &lt;!DOCTYPE html&gt;&#10;  &lt;!--[if lt IE 7]&gt; &lt;html class=&quot;no-js ie6 oldie&quot; lang=&quot;en-US&quot;&gt; &lt;![endif]--&gt;&#10;  &lt;!--[if IE 7]&gt;    &lt;html class=&quot;no-js ie7 oldie&quot; lang=&quot;en-US&quot;&gt; &lt;![endif]--&gt;&#10;  &lt;!--[if IE 8]&gt;    &lt;html class=&quot;no-js ie8 oldie&quot; lang=&quot;en-US&quot;&gt; &lt;![endif]--&gt;&#10;  &lt;!--[if gt IE 8]&gt;&lt;!--&gt; &lt;html class=&quot;no-js&quot; lang=&quot;en-US&quot;&gt; &lt;!--&lt;![endif]--&gt;&#10;  &lt;head&gt;&#10;  &#10;  &lt;title&gt;preview.emergentagent.com | 502: Bad gateway&lt;/title&gt;&#10;  &lt;meta charset=&quot;UT&#10;assert 502 == 200&#10; +  where 502 = &lt;Response [502]&gt;.status_code">backend/tests/test_roster_ai.py:132: in test_ocr_roster_endpoint
    assert r.status_code == 200, r.text[:400]
E   AssertionError: &lt;!DOCTYPE html&gt;
E     &lt;!--[if lt IE 7]&gt; &lt;html class="no-js ie6 oldie" lang="en-US"&gt; &lt;![endif]--&gt;
E     &lt;!--[if IE 7]&gt;    &lt;html class="no-js ie7 oldie" lang="en-US"&gt; &lt;![endif]--&gt;
E     &lt;!--[if IE 8]&gt;    &lt;html class="no-js ie8 oldie" lang="en-US"&gt; &lt;![endif]--&gt;
E     &lt;!--[if gt IE 8]&gt;&lt;!--&gt; &lt;html class="no-js" lang="en-US"&gt; &lt;!--&lt;![endif]--&gt;
E     &lt;head&gt;
E     
E     &lt;title&gt;preview.emergentagent.com | 502: Bad gateway&lt;/title&gt;
E     &lt;meta charset="UT
E   assert 502 == 200
E    +  where 502 = &lt;Response [502]&gt;.status_code</failure></testcase></testsuite></testsuites>