<?xml version="1.0" encoding="utf-8"?><testsuites name="pytest tests"><testsuite name="pytest" errors="0" failures="0" skipped="0" tests="9" time="14.811" timestamp="2026-08-06T20:06:28.346325+00:00" hostname="agent-env-96e5229e-b34e-4d96-a636-79f53360b42f"><testcase classname="tests.test_24h_and_training" name="test_01_zero_hours_returns_400" time="1.719" /><testcase classname="tests.test_24h_and_training" name="test_02_reset_restores_default_hours" time="0.319" /><testcase classname="tests.test_24h_and_training" name="test_03_enable_24h_auto_creates_templates_and_hours" time="0.302" /><testcase classname="tests.test_24h_and_training" name="test_04_roster_generation_spreads_across_templates" time="2.288" /><testcase classname="tests.test_24h_and_training" name="test_05_custom_template_reflected_in_roster" time="3.726" /><testcase classname="tests.test_24h_and_training" name="test_06_approve_increments_training_stats" time="1.733" /><testcase classname="tests.test_24h_and_training" name="test_07_soft_preference_employees_keep_template_on_regen" time="1.023" /><testcase classname="tests.test_24h_and_training" name="test_08_training_stats_stable_after_multiple_approves" time="1.609" /><testcase classname="tests.test_24h_and_training" name="test_09_non_24h_happy_path" time="1.759" /></testsuite></testsuites>